Data, ora
<POP_SIZE, prob_2, prob_3, prob_4, nof_invites, max_reject, sim_time, voto_AdE, voto_SO>

Jan 15 2019, 13:35:30
<50, 35, 35, 30, 9, 8, 18, 23, 23>

Jan 15 2019, 13:35:30
<50, 35, 35, 30, 10, 10, 20, 24, 24>

Jan 15 2019, 13:35:30
<50, 35, 35, 30, 10, 10, 20, 23, 23>

Jan 15 2019, 13:35:30
<50, 35, 35, 30, 10, 10, 20, 23, 23>

Jan 15 2019, 13:41:56
<50, 35, 35, 30, 10, 10, 20, 23, 24>

Jan 15 2019, 13:45:45
<50, 35, 35, 30, 10, 10, 20, 23, 24>

Jan 15 2019, 16:47:00
<20, 35, 35, 30, 10, 10, 20, 24, 24>

Jan 15 2019, 17:00:20
<20, 35, 35, 30, 10, 10, 20, 23, 15>

Jan 15 2019, 17:03:53
<20, 35, 35, 30, 10, 10, 20, 24, 18>

Jan 15 2019, 17:04:38
<40, 35, 35, 30, 10, 10, 20, 24, 21>

Jan 15 2019, 17:48:02
<40, 35, 35, 30, 10, 10, 20, 23, 23>

Jan 15 2019, 17:48:02
<40, 35, 35, 30, 10, 10, 20, 24, 23>

Jan 15 2019, 17:49:31
<40, 20, 40, 40, 10, 10, 20, 24, 24>

Jan 15 2019, 17:49:31
<40, 20, 40, 40, 10, 10, 20, 23, 23>

Jan 15 2019, 20:04:40
<40, 20, 40, 40, 10, 10, 20, 23, 4>

Jan 15 2019, 20:06:42
<25, 20, 40, 40, 10, 10, 20, 24, 3>

Jan 15 2019, 20:08:05
<25, 20, 40, 40, 10, 10, 20, 23, 22>

Jan 15 2019, 20:08:59
<35, 20, 40, 40, 10, 10, 20, 22, 22>

Jan 15 2019, 20:10:08
<35, 30, 30, 40, 8, 8, 20, 24, 24>

Jan 15 2019, 18:58:05
<40, 20, 40, 40, 10, 10, 20, 23, 4>

Jan 15 2019, 18:58:05
<40, 20, 40, 40, 10, 10, 20, 24, 2>

Jan 15 2019, 20:35:41
<35, 30, 30, 40, 8, 8, 20, 24, 6>

Jan 15 2019, 20:37:18
<35, 30, 30, 40, 8, 8, 20, 23, 7>

Jan 15 2019, 20:38:46
<35, 30, 30, 40, 8, 8, 20, 25, 25>

Jan 15 2019, 20:52:09
<35, 30, 30, 40, 8, 8, 20, 24, 23>

Jan 15 2019, 20:55:54
<35, 30, 30, 40, 8, 8, 20, 25, 26>

Jan 15 2019, 21:06:22
<35, 30, 30, 40, 10, 10, 14, 23, 25>

Jan 15 2019, 21:06:51
<20, 30, 30, 40, 10, 10, 14, 24, 26>

Jan 15 2019, 22:14:08
<20, 30, 30, 40, 10, 10, 14, 23, 24>

Jan 15 2019, 22:29:52
<20, 30, 30, 40, 8, 4, 14, 23, 18>

Jan 15 2019, 22:29:52
<20, 30, 30, 40, 8, 20, 14, 23, 25>

Jan 15 2019, 22:29:52
<20, 30, 30, 40, 10, 20, 14, 22, 23>

Jan 15 2019, 23:19:11
<20, 38, 35, 27, 16, 3, 27, 23, 22>

Jan 15 2019, 23:19:46
<20, 59, 28, 13, 5, 10, 10, 24, 25>

Jan 15 2019, 23:38:12
<20, 22, 54, 24, 15, 20, 53, 24, 20>

Jan 15 2019, 23:58:16
<20, 41, 20, 39, 10, 0, 20, 23, 25>

Jan 16 2019, 00:00:11
<20, 43, 30, 27, 17, 19, 48, 22, 11>

Jan 16 2019, 00:04:36
<20, 20, 17, 63, 5, 1, 33, 24, 20>

Jan 16 2019, 09:26:41
<20, 13, 57, 30, 13, 20, 68, 25, 19>

Jan 16 2019, 09:31:52
<20, 23, 8, 69, 4, 2, 79, 24, 5>

Jan 16 2019, 09:35:10
<20, 25, 54, 21, 18, 1, 34, 25, 23>

Jan 16 2019, 09:37:06
<20, 29, 63, 8, 5, 4, 49, 25, 22>

Jan 16 2019, 09:43:05
<20, 44, 5, 51, 8, 15, 79, 24, 13>

Jan 16 2019, 09:45:43
<20, 56, 23, 21, 9, 6, 21, 24, 16>

Jan 16 2019, 09:46:39
<20, 1, 88, 11, 6, 6, 23, 24, 22>

Jan 16 2019, 09:48:18
<20, 1, 88, 11, 6, 6, 23, 23, 20>

Jan 16 2019, 09:49:16
<20, 40, 18, 42, 5, 5, 11, 24, 25>

Jan 16 2019, 09:49:49
<20, 29, 50, 21, 5, 4, 104, 24, 10>

Jan 16 2019, 09:57:04
<20, 35, 30, 35, 9, 9, 64, 23, 10>

Jan 16 2019, 10:04:02
<20, 35, 30, 35, 9, 9, 64, 24, 15>

Jan 16 2019, 10:06:00
<20, 30, 41, 29, 17, 20, 48, 22, 16>

Jan 16 2019, 10:14:45
<20, 26, 25, 49, 12, 1, 45, 24, 16>
